hcmobile/hcmobile/PullZoomView/build/outputs/logs/manifest-merger-debug-report.txt
-- Merging decision tree log ---
manifest
ADDED from hcmobile\PullZoomView\AndroidManifest.xml:1:1-14:12
INJECTED from hcmobile\PullZoomView\AndroidManifest.xml:1:1-14:12
INJECTED from hcmobile\PullZoomView\AndroidManifest.xml:1:1-14:12
	package
		ADDED from hcmobile\PullZoomView\AndroidManifest.xml:2:5-40
		INJECTED from hcmobile\PullZoomView\AndroidManifest.xml
		INJECTED from hcmobile\PullZoomView\AndroidManifest.xml
	xmlns:android
		ADDED from hcmobile\PullZoomView\AndroidManifest.xml:1:11-69
uses-sdk
ADDED from hcmobile\PullZoomView\AndroidManifest.xml:4:5-6:41
INJECTED from hcmobile\PullZoomView\AndroidManifest.xml:4:5-6:41
INJECTED from hcmobile\PullZoomView\AndroidManifest.xml:4:5-6:41
	android:targetSdkVersion
		ADDED from hcmobile\PullZoomView\AndroidManifest.xml:6:9-38
	android:minSdkVersion
		ADDED from hcmobile\PullZoomView\AndroidManifest.xml:5:9-35
		INJECTED from hcmobile\PullZoomView\AndroidManifest.xml
		INJECTED from hcmobile\PullZoomView\AndroidManifest.xml
application
ADDED from hcmobile\PullZoomView\AndroidManifest.xml:8:5-12:19
	android:label
		ADDED from hcmobile\PullZoomView\AndroidManifest.xml:11:9-41
	android:icon
		ADDED from hcmobile\PullZoomView\AndroidManifest.xml:10:9-45
	android:allowBackup
		ADDED from hcmobile\PullZoomView\AndroidManifest.xml:9:9-35